2026-02-24 17:51:24,596 - INFO - 
    _____ _           __ _       _   _         _
    / ____| |         / _(_)     | | (_)       | |
    | |    | |__   ___| |_ _  __ _| |_ _  ___ __| |___
    | |    | '_ \ / _ \  _| |/ _` | __| |/ __/ _` / __|
    | |____| | | |  __/ | | | (_| | |_| | (_| (_| \__ \
    \_____|_| |_|\___|_| |_|\__,_|\__|_|\___\__,_|___/
            
2026-02-24 17:51:24,596 - INFO - Starting a new Chef's Hat Game!
2026-02-24 17:51:24,596 - INFO - Game rules:
2026-02-24 17:51:24,596 - INFO - - Max matches: 200
2026-02-24 17:51:24,596 - INFO - - Max rounds per match: Unlimited
2026-02-24 17:51:24,596 - INFO - - Max score to win: None
2026-02-24 17:51:24,596 - INFO - Players: {0: 'DQN_Player', 1: 'R0', 2: 'R1', 3: 'R2'}
2026-02-24 17:51:24,597 - INFO - Game started at: 2026-02-24 17:51:24
2026-02-24 17:51:24,623 - INFO - 
######################################## DEALING CARDS ########################################
2026-02-24 17:51:24,623 - INFO - - Cards dealt:
2026-02-24 17:51:24,623 - INFO -   - DQN_Player hand: [4, 4, 6, 6, 6, 6, 7, 7, 8, 8, 8, 9, 10, 10, 10, 11, 11] (17 cards)
2026-02-24 17:51:24,623 - INFO -   - R0 hand: [3, 5, 6, 7, 7, 7, 9, 9, 9, 9, 10, 10, 10, 11, 11, 11, 12] (17 cards)
2026-02-24 17:51:24,623 - INFO -   - R1 hand: [1, 5, 5, 5, 6, 7, 8, 9, 9, 10, 10, 10, 11, 11, 11, 11, 12] (17 cards)
2026-02-24 17:51:24,623 - INFO -   - R2 hand: [2, 2, 3, 3, 4, 4, 5, 7, 8, 8, 8, 8, 9, 9, 10, 11, 11] (17 cards)
2026-02-24 17:51:24,627 - INFO - 
######################################## MATCH 1 START ########################################
2026-02-24 17:51:24,627 - INFO - - Match Number: 1/200
2026-02-24 17:51:24,627 - INFO - - Current Game Scores: {DQN_Player:0, R0:0, R1:0, R2:0}
2026-02-24 17:51:24,628 - INFO - 
======================================== ROUND START ========================================
2026-02-24 17:51:24,628 - INFO - - Round: 1
2026-02-24 17:51:24,628 - INFO - Players in the round:
2026-02-24 17:51:24,629 - INFO -  DQN_Player - 17 cards - [4, 4, 6, 6, 6, 6, 7, 7, 8, 8, 8, 9, 10, 10, 10, 11, 11]
2026-02-24 17:51:24,629 - INFO -  R0 - 17 cards - [3, 5, 6, 7, 7, 7, 9, 9, 9, 9, 10, 10, 10, 11, 11, 11, 12]
2026-02-24 17:51:24,629 - INFO -  R1 - 17 cards - [1, 5, 5, 5, 6, 7, 8, 9, 9, 10, 10, 10, 11, 11, 11, 11, 12]
2026-02-24 17:51:24,629 - INFO -  R2 - 17 cards - [2, 2, 3, 3, 4, 4, 5, 7, 8, 8, 8, 8, 9, 9, 10, 11, 11]
2026-02-24 17:51:24,629 - INFO - Playing order: ['DQN_Player', 'R0', 'R1', 'R2']
