2026-02-24 17:51:22,868 - INFO - 
        =======================================
                 ___ ___ ___ _  _   _   
                | __|_ _|_ _| \| | /_\  
                | _| | | | || .` |/ _ \ 
                |_| |___|___|_|\_/_/ \_              Welcome to the Chef's Hat Room
        =======================================
        
2026-02-24 17:51:22,869 - INFO - Room Name: training_room
2026-02-24 17:51:22,869 - INFO - Creation Date: 20260224_175122_867736
2026-02-24 17:51:22,869 - INFO - Local Room: True
2026-02-24 17:51:22,869 - INFO - Game Rules:
2026-02-24 17:51:22,869 - INFO - - max_matches=200
2026-02-24 17:51:22,869 - INFO - - max_rounds=None
2026-02-24 17:51:22,869 - INFO - - max_score=None
2026-02-24 17:51:22,869 - INFO - - max_invalid_attempts_per_player=5
2026-02-24 17:51:24,593 - INFO - Player 1 connected: DQN_Player
2026-02-24 17:51:24,593 - INFO - Player 2 connected: R0
2026-02-24 17:51:24,593 - INFO - Player 3 connected: R1
2026-02-24 17:51:24,593 - INFO - Player 4 connected: R2
2026-02-24 17:51:24,593 - INFO - All players connected!
2026-02-24 17:51:24,593 - INFO - Checking if all players are connected...
2026-02-24 17:51:24,598 - INFO - 
=== GAME STARTED ===
2026-02-24 17:51:24,598 - INFO - Game setup: Players=4, Max Matches=200, Max Rounds=None, Max Score=None
2026-02-24 17:51:24,598 - INFO - Notify ALL -> method=update_game_start | args=({'opponents': ['DQN_Player', 'R0', 'R1', 'R2'], 'actions': {0: 'C1;Q1;J0', 1: 'C1;Q1;J1', 2: 'C1;Q1;J2', 3: 'C2;Q1;J0', 4: 'C2;Q1;J1', 5: 'C2;Q1;J2', 6: 'C2;Q2;J0', 7: 'C2;Q2;J1', 8: 'C2;Q2;J2', 9: 'C3;Q1;J0', 10: 'C3;Q1;J1', 11: 'C3;Q1;J2', 12: 'C3;Q2;J0', 13: 'C3;Q2;J1', 14: 'C3;Q2;J2', 15: 'C3;Q3;J0', 16: 'C3;Q3;J1', 17: 'C3;Q3;J2', 18: 'C4;Q1;J0', 19: 'C4;Q1;J1', 20: 'C4;Q1;J2', 21: 'C4;Q2;J0', 22: 'C4;Q2;J1', 23: 'C4;Q2;J2', 24: 'C4;Q3;J0', 25: 'C4;Q3;J1', 26: 'C4;Q3;J2', 27: 'C4;Q4;J0', 28: 'C4;Q4;J1', 29: 'C4;Q4;J2', 30: 'C5;Q1;J0', 31: 'C5;Q1;J1', 32: 'C5;Q1;J2', 33: 'C5;Q2;J0', 34: 'C5;Q2;J1', 35: 'C5;Q2;J2', 36: 'C5;Q3;J0', 37: 'C5;Q3;J1', 38: 'C5;Q3;J2', 39: 'C5;Q4;J0', 40: 'C5;Q4;J1', 41: 'C5;Q4;J2', 42: 'C5;Q5;J0', 43: 'C5;Q5;J1', 44: 'C5;Q5;J2', 45: 'C6;Q1;J0', 46: 'C6;Q1;J1', 47: 'C6;Q1;J2', 48: 'C6;Q2;J0', 49: 'C6;Q2;J1', 50: 'C6;Q2;J2', 51: 'C6;Q3;J0', 52: 'C6;Q3;J1', 53: 'C6;Q3;J2', 54: 'C6;Q4;J0', 55: 'C6;Q4;J1', 56: 'C6;Q4;J2', 57: 'C6;Q5;J0', 58: 'C6;Q5;J1', 59: 'C6;Q5;J2', 60: 'C6;Q6;J0', 61: 'C6;Q6;J1', 62: 'C6;Q6;J2', 63: 'C7;Q1;J0', 64: 'C7;Q1;J1', 65: 'C7;Q1;J2', 66: 'C7;Q2;J0', 67: 'C7;Q2;J1', 68: 'C7;Q2;J2', 69: 'C7;Q3;J0', 70: 'C7;Q3;J1', 71: 'C7;Q3;J2', 72: 'C7;Q4;J0', 73: 'C7;Q4;J1', 74: 'C7;Q4;J2', 75: 'C7;Q5;J0', 76: 'C7;Q5;J1', 77: 'C7;Q5;J2', 78: 'C7;Q6;J0', 79: 'C7;Q6;J1', 80: 'C7;Q6;J2', 81: 'C7;Q7;J0', 82: 'C7;Q7;J1', 83: 'C7;Q7;J2', 84: 'C8;Q1;J0', 85: 'C8;Q1;J1', 86: 'C8;Q1;J2', 87: 'C8;Q2;J0', 88: 'C8;Q2;J1', 89: 'C8;Q2;J2', 90: 'C8;Q3;J0', 91: 'C8;Q3;J1', 92: 'C8;Q3;J2', 93: 'C8;Q4;J0', 94: 'C8;Q4;J1', 95: 'C8;Q4;J2', 96: 'C8;Q5;J0', 97: 'C8;Q5;J1', 98: 'C8;Q5;J2', 99: 'C8;Q6;J0', 100: 'C8;Q6;J1', 101: 'C8;Q6;J2', 102: 'C8;Q7;J0', 103: 'C8;Q7;J1', 104: 'C8;Q7;J2', 105: 'C8;Q8;J0', 106: 'C8;Q8;J1', 107: 'C8;Q8;J2', 108: 'C9;Q1;J0', 109: 'C9;Q1;J1', 110: 'C9;Q1;J2', 111: 'C9;Q2;J0', 112: 'C9;Q2;J1', 113: 'C9;Q2;J2', 114: 'C9;Q3;J0', 115: 'C9;Q3;J1', 116: 'C9;Q3;J2', 117: 'C9;Q4;J0', 118: 'C9;Q4;J1', 119: 'C9;Q4;J2', 120: 'C9;Q5;J0', 121: 'C9;Q5;J1', 122: 'C9;Q5;J2', 123: 'C9;Q6;J0', 124: 'C9;Q6;J1', 125: 'C9;Q6;J2', 126: 'C9;Q7;J0', 127: 'C9;Q7;J1', 128: 'C9;Q7;J2', 129: 'C9;Q8;J0', 130: 'C9;Q8;J1', 131: 'C9;Q8;J2', 132: 'C9;Q9;J0', 133: 'C9;Q9;J1', 134: 'C9;Q9;J2', 135: 'C10;Q1;J0', 136: 'C10;Q1;J1', 137: 'C10;Q1;J2', 138: 'C10;Q2;J0', 139: 'C10;Q2;J1', 140: 'C10;Q2;J2', 141: 'C10;Q3;J0', 142: 'C10;Q3;J1', 143: 'C10;Q3;J2', 144: 'C10;Q4;J0', 145: 'C10;Q4;J1', 146: 'C10;Q4;J2', 147: 'C10;Q5;J0', 148: 'C10;Q5;J1', 149: 'C10;Q5;J2', 150: 'C10;Q6;J0', 151: 'C10;Q6;J1', 152: 'C10;Q6;J2', 153: 'C10;Q7;J0', 154: 'C10;Q7;J1', 155: 'C10;Q7;J2', 156: 'C10;Q8;J0', 157: 'C10;Q8;J1', 158: 'C10;Q8;J2', 159: 'C10;Q9;J0', 160: 'C10;Q9;J1', 161: 'C10;Q9;J2', 162: 'C10;Q10;J0', 163: 'C10;Q10;J1', 164: 'C10;Q10;J2', 165: 'C11;Q1;J0', 166: 'C11;Q1;J1', 167: 'C11;Q1;J2', 168: 'C11;Q2;J0', 169: 'C11;Q2;J1', 170: 'C11;Q2;J2', 171: 'C11;Q3;J0', 172: 'C11;Q3;J1', 173: 'C11;Q3;J2', 174: 'C11;Q4;J0', 175: 'C11;Q4;J1', 176: 'C11;Q4;J2', 177: 'C11;Q5;J0', 178: 'C11;Q5;J1', 179: 'C11;Q5;J2', 180: 'C11;Q6;J0', 181: 'C11;Q6;J1', 182: 'C11;Q6;J2', 183: 'C11;Q7;J0', 184: 'C11;Q7;J1', 185: 'C11;Q7;J2', 186: 'C11;Q8;J0', 187: 'C11;Q8;J1', 188: 'C11;Q8;J2', 189: 'C11;Q9;J0', 190: 'C11;Q9;J1', 191: 'C11;Q9;J2', 192: 'C11;Q10;J0', 193: 'C11;Q10;J1', 194: 'C11;Q10;J2', 195: 'C11;Q11;J0', 196: 'C11;Q11;J1', 197: 'C11;Q11;J2', 198: 'C0;Q0;J1', 199: 'pass'}, 'max_rounds': None, 'max_matches': 200, 'max_points': None},)
2026-02-24 17:51:24,624 - INFO - 
--- CARDS HANDED TO PLAYERS ---
2026-02-24 17:51:24,624 - INFO - Notify ONE -> DQN_Player | method=update_new_hand | args=({'hand': [4, 4, 6, 6, 6, 6, 7, 7, 8, 8, 8, 9, 10, 10, 10, 11, 11]},)
2026-02-24 17:51:24,624 - INFO - Notify ONE -> R0 | method=update_new_hand | args=({'hand': [3, 5, 6, 7, 7, 7, 9, 9, 9, 9, 10, 10, 10, 11, 11, 11, 12]},)
2026-02-24 17:51:24,625 - INFO - Notify ONE -> R1 | method=update_new_hand | args=({'hand': [1, 5, 5, 5, 6, 7, 8, 9, 9, 10, 10, 10, 11, 11, 11, 11, 12]},)
2026-02-24 17:51:24,626 - INFO - Notify ONE -> R2 | method=update_new_hand | args=({'hand': [2, 2, 3, 3, 4, 4, 5, 7, 8, 8, 8, 8, 9, 9, 10, 11, 11]},)
2026-02-24 17:51:24,627 - INFO - 
--- MATCH 1 STARTED ---
2026-02-24 17:51:24,628 - INFO - Notify ONE -> DQN_Player | method=update_start_match | args=({'hand': [4, 4, 6, 6, 6, 6, 7, 7, 8, 8, 8, 9, 10, 10, 10, 11, 11], 'starter_index': 0},)
2026-02-24 17:51:24,628 - INFO - Notify ONE -> R0 | method=update_start_match | args=({'hand': [3, 5, 6, 7, 7, 7, 9, 9, 9, 9, 10, 10, 10, 11, 11, 11, 12], 'starter_index': 0},)
2026-02-24 17:51:24,628 - INFO - Notify ONE -> R1 | method=update_start_match | args=({'hand': [1, 5, 5, 5, 6, 7, 8, 9, 9, 10, 10, 10, 11, 11, 11, 11, 12], 'starter_index': 0},)
2026-02-24 17:51:24,628 - INFO - Notify ONE -> R2 | method=update_start_match | args=({'hand': [2, 2, 3, 3, 4, 4, 5, 7, 8, 8, 8, 8, 9, 9, 10, 11, 11], 'starter_index': 0},)
2026-02-24 17:51:24,629 - INFO - Request ONE -> DQN_Player | method=request_action | args=({'hand': array([ 4.,  4.,  6.,  6.,  6.,  6.,  7.,  7.,  8.,  8.,  8.,  9., 10.,
       10., 10., 11., 11.]), 'board': array([13.,  0.,  0.,  0.,  0.,  0.,  0.,  0.,  0.,  0.,  0.]), 'possible_actions': ['C11;Q1;J0', 'C11;Q2;J0']},)
2026-02-24 17:51:24,630 - INFO -  -- Response from DQN_Player: None
